[0.052s] Invoking command in '/home/npd/Desktop/amr_bot/build/amr_msgs': CMAKE_PREFIX_PATH=${CMAKE_PREFIX_PATH}:/home/npd/Desktop/amr_bot/install/amr_py_examples:/opt/ros/humble /usr/bin/cmake --build /home/npd/Desktop/amr_bot/build/amr_msgs -- -j4 -l4
[0.139s] -- Found ament_cmake: 1.3.11 (/opt/ros/humble/share/ament_cmake/cmake)
[0.508s] -- Found std_msgs: 4.2.4 (/opt/ros/humble/share/std_msgs/cmake)
[0.560s] -- Found rosidl_generator_c: 3.1.6 (/opt/ros/humble/share/rosidl_generator_c/cmake)
[0.565s] -- Found rosidl_adapter: 3.1.6 (/opt/ros/humble/share/rosidl_adapter/cmake)
[0.576s] -- Found rosidl_generator_cpp: 3.1.6 (/opt/ros/humble/share/rosidl_generator_cpp/cmake)
[0.595s] -- Using all available rosidl_typesupport_c: rosidl_typesupport_fastrtps_c;rosidl_typesupport_introspection_c
[0.619s] -- Using all available rosidl_typesupport_cpp: rosidl_typesupport_fastrtps_cpp;rosidl_typesupport_introspection_cpp
[0.673s] -- Found geometry_msgs: 4.2.4 (/opt/ros/humble/share/geometry_msgs/cmake)
[0.702s] -- Found rosidl_default_generators: 1.2.0 (/opt/ros/humble/share/rosidl_default_generators/cmake)
[1.103s] [31mCMake Error at /opt/ros/humble/share/rosidl_adapter/cmake/rosidl_adapt_interfaces.cmake:59 (message):
[1.104s]   execute_process(/usr/bin/python3 -m rosidl_adapter --package-name amr_msgs
[1.104s]   --arguments-file
[1.104s]   /home/npd/Desktop/amr_bot/build/amr_msgs/rosidl_adapter__arguments__amr_msgs.json
[1.104s]   --output-dir
[1.105s]   /home/npd/Desktop/amr_bot/build/amr_msgs/rosidl_adapter/amr_msgs
[1.105s]   --output-file
[1.105s]   /home/npd/Desktop/amr_bot/build/amr_msgs/rosidl_adapter/amr_msgs.idls)
[1.105s]   returned error code 1:
[1.106s] 
[1.106s]   Error processing 'geometry_msgs/TransformStamped Transform' of
[1.106s]   'amr_msgs/GetTransform_Response': ''Transform' is an invalid field name.
[1.107s]   It should have the pattern '^(?!.*__)(?!.*_$)[a-z][a-z0-9_]*$''
[1.107s] 
[1.107s]   Traceback (most recent call last):
[1.107s] 
[1.107s]     File "/usr/lib/python3.10/runpy.py", line 196, in _run_module_as_main
[1.107s]       return _run_code(code, main_globals, None,
[1.108s]     File "/usr/lib/python3.10/runpy.py", line 86, in _run_code
[1.108s]       exec(code, run_globals)
[1.108s]     File "/opt/ros/humble/local/lib/python3.10/dist-packages/rosidl_adapter/__main__.py", line 19, in <module>
[1.108s]       sys.exit(main())
[1.108s]     File "/opt/ros/humble/local/lib/python3.10/dist-packages/rosidl_adapter/main.py", line 53, in main
[1.109s]       abs_idl_file = convert_to_idl(
[1.109s]     File "/opt/ros/humble/local/lib/python3.10/dist-packages/rosidl_adapter/__init__.py", line 24, in convert_to_idl
[1.109s]       return convert_srv_to_idl(
[1.109s]     File "/opt/ros/humble/local/lib/python3.10/dist-packages/rosidl_adapter/srv/__init__.py", line 28, in convert_srv_to_idl
[1.109s]       srv = parse_service_string(package_name, input_file.stem, content)
[1.109s]     File "/opt/ros/humble/local/lib/python3.10/dist-packages/rosidl_adapter/parser.py", line 863, in parse_service_string
[1.110s]       response_message = parse_message_string(
[1.110s]     File "/opt/ros/humble/local/lib/python3.10/dist-packages/rosidl_adapter/parser.py", line 519, in parse_message_string
[1.110s]       fields.append(Field(
[1.110s]     File "/opt/ros/humble/local/lib/python3.10/dist-packages/rosidl_adapter/parser.py", line 354, in __init__
[1.110s]       raise NameError(
[1.110s] 
[1.111s]   NameError: 'Transform' is an invalid field name.  It should have the
[1.111s]   pattern '^(?!.*__)(?!.*_$)[a-z][a-z0-9_]*$'
[1.111s] 
[1.111s] Call Stack (most recent call first):
[1.111s]   /opt/ros/humble/share/rosidl_cmake/cmake/rosidl_generate_interfaces.cmake:130 (rosidl_adapt_interfaces)
[1.111s]   CMakeLists.txt:14 (rosidl_generate_interfaces)
[1.111s] 
[1.112s] [0m
[1.112s] -- Configuring incomplete, errors occurred!
[1.112s] See also "/home/npd/Desktop/amr_bot/build/amr_msgs/CMakeFiles/CMakeOutput.log".
[1.117s] gmake: *** [Makefile:747: cmake_check_build_system] Error 1
[1.121s] Invoked command in '/home/npd/Desktop/amr_bot/build/amr_msgs' returned '2': CMAKE_PREFIX_PATH=${CMAKE_PREFIX_PATH}:/home/npd/Desktop/amr_bot/install/amr_py_examples:/opt/ros/humble /usr/bin/cmake --build /home/npd/Desktop/amr_bot/build/amr_msgs -- -j4 -l4
